2019-02-22T07:04:32+00:00 cs-vm-w19#01 I: Start test all:0:Problem 2.1: split3.
2019-02-22T07:04:32+00:00 cs-vm-w19#01 I: Test all:0:Problem 2.1: split3 is successful.
2019-02-22T07:04:32+00:00 cs-vm-w19#01 I: End test all:0:Problem 2.1: split3.
2019-02-22T07:04:32+00:00 cs-vm-w19#01 I: Start test all:2:Problem 2.2: smallest_index.
2019-02-22T07:04:32+00:00 cs-vm-w19#01 I: Test all:2:Problem 2.2: smallest_index is successful.
2019-02-22T07:04:32+00:00 cs-vm-w19#01 I: End test all:2:Problem 2.2: smallest_index.
2019-02-22T07:04:32+00:00 cs-vm-w19#01 I: Start test all:3:Problem 2.2: flip_n.
2019-02-22T07:04:32+00:00 cs-vm-w19#01 I: Test all:3:Problem 2.2: flip_n is successful.
2019-02-22T07:04:32+00:00 cs-vm-w19#01 I: End test all:3:Problem 2.2: flip_n.
2019-02-22T07:04:32+00:00 cs-vm-w19#01 I: Start test all:4:Problem 2.2: block_sort1.
2019-02-22T07:04:32+00:00 cs-vm-w19#01 I: Test all:4:Problem 2.2: block_sort1 is successful.
2019-02-22T07:04:32+00:00 cs-vm-w19#01 I: End test all:4:Problem 2.2: block_sort1.
2019-02-22T07:04:32+00:00 cs-vm-w19#01 I: Start test all:5:Problem 2.2: block_sorti.
2019-02-22T07:04:32+00:00 cs-vm-w19#01 I: Test all:5:Problem 2.2: block_sorti is successful.
2019-02-22T07:04:32+00:00 cs-vm-w19#01 I: End test all:5:Problem 2.2: block_sorti.
2019-02-22T07:04:32+00:00 cs-vm-w19#01 I: Start test all:8:Problem 3.2: binrec quicksort.
2019-02-22T07:04:32+00:00 cs-vm-w19#01 I: Test all:8:Problem 3.2: binrec quicksort is successful.
2019-02-22T07:04:32+00:00 cs-vm-w19#01 I: End test all:8:Problem 3.2: binrec quicksort.
2019-02-22T07:04:32+00:00 cs-vm-w19#01 I: Start test all:10:Problem 3.3: tailrec insertion_sort_i.
2019-02-22T07:04:32+00:00 cs-vm-w19#01 I: Test all:10:Problem 3.3: tailrec insertion_sort_i is successful.
2019-02-22T07:04:32+00:00 cs-vm-w19#01 I: End test all:10:Problem 3.3: tailrec insertion_sort_i.
2019-02-22T07:04:32+00:00 cs-vm-w19#01 I: Start test all:11:Problem 4.1: member.
2019-02-22T07:04:32+00:00 cs-vm-w19#01 I: Test all:11:Problem 4.1: member is successful.
2019-02-22T07:04:32+00:00 cs-vm-w19#01 I: End test all:11:Problem 4.1: member.
2019-02-22T07:04:32+00:00 cs-vm-w19#01 I: Start test all:12:Problem 4.2: skew.
2019-02-22T07:04:32+00:00 cs-vm-w19#01 I: Test all:12:Problem 4.2: skew is successful.
2019-02-22T07:04:32+00:00 cs-vm-w19#01 I: End test all:12:Problem 4.2: skew.
2019-02-22T07:04:32+00:00 cs-vm-w19#01 I: Start test all:13:Problem 4.2: split.
2019-02-22T07:04:32+00:00 cs-vm-w19#01 I: Test all:13:Problem 4.2: split is successful.
2019-02-22T07:04:32+00:00 cs-vm-w19#01 I: End test all:13:Problem 4.2: split.
